<?xml version="1.0" encoding="UTF-8"?>
<!-- Generated by org.testng.reporters.JUnitXMLReporter -->
<testsuite ignored="2" hostname="DESKTOP-V5MLE2I" failures="1" tests="2" name="Default test(failed)" time="0.114" errors="0" timestamp="2022-05-03T18:15:21 IST">
  <testcase classname="testngdiscussion.FailedTestCaseExecution" name="dashBoard" time="0.017">
    <failure type="java.lang.AssertionError" message="expected [true] but found [false]">
      <![CDATA[java.lang.AssertionError: expected [true] but found [false]
at testngdiscussion.FailedTestCaseExecution.dashBoard(FailedTestCaseExecution.java:20)
at java.base/java.util.ArrayList.forEach(ArrayList.java:1511)
... Removed 33 stack frames]]>
    </failure>
  </testcase> <!-- dashBoard -->
  <testcase classname="testngdiscussion.FailedTestCaseExecution" name="profile" time="0.0">
    <skipped/>
  </testcase> <!-- profile -->
  <testcase classname="testngdiscussion.FailedTestCaseExecution" name="login" time="0.0">
    <ignored/>
  </testcase> <!-- login -->
  <testcase classname="testngdiscussion.FailedTestCaseExecution" name="logout" time="0.0">
    <ignored/>
  </testcase> <!-- logout -->
</testsuite> <!-- Default test(failed) -->
