<?xml version="1.0" encoding="UTF-8"?>
<!-- Generated by org.testng.reporters.JUnitXMLReporter -->
<testsuite ignored="2" hostname="DESKTOP-V5MLE2I" failures="0" tests="4" name="BuySellShare" time="10.023" errors="0" timestamp="2022-05-05T08:50:34 IST">
  <testcase classname="testclasses.LoginPageTest" name="verifyLogin" time="3.321"/>
  <testcase classname="testclasses.LoginPageTest" name="titleValidation" time="4.667"/>
  <testcase classname="testclasses.DashBoardTest" name="searchValidation" time="0.946"/>
  <testcase classname="testclasses.DashBoardTest" name="buySharesValidation" time="0.882"/>
  <testcase classname="testclasses.BaseTest" name="@BeforeSuite initBrowser" time="0.0">
    <ignored/>
  </testcase> <!-- @BeforeSuite initBrowser -->
  <testcase classname="testclasses.BaseTest" name="@AfterSuite tearDown" time="0.0">
    <ignored/>
  </testcase> <!-- @AfterSuite tearDown -->
</testsuite> <!-- BuySellShare -->
