<?xml version="1.0" encoding="UTF-8"?>
<!-- Generated by org.testng.reporters.JUnitXMLReporter -->
<testsuite ignored="1" hostname="DESKTOP-V5MLE2I" failures="0" tests="2" name="Default test" time="0.14" errors="0" timestamp="2022-04-27T09:00:02 IST">
  <testcase classname="testngdiscussion.InclusionAndExclusionOfMethods" name="home" time="0.021"/>
  <testcase classname="testngdiscussion.InclusionAndExclusionOfMethods" name="profile" time="0.006"/>
  <testcase classname="testngdiscussion.InclusionAndExclusionOfMethods" name="login" time="0.0">
    <ignored/>
  </testcase> <!-- login -->
</testsuite> <!-- Default test -->
