<?xml version="1.0" encoding="UTF-8"?>
<!-- Generated by org.testng.reporters.JUnitXMLReporter -->
<testsuite ignored="0" hostname="DESKTOP-V5MLE2I" failures="0" tests="5" name="Default test" time="0.149" errors="0" timestamp="2022-04-25T08:56:12 IST">
  <testcase classname="testngdiscussion.SingleClassExecution2" name="dashBoard" time="0.02"/>
  <testcase classname="testngdiscussion.SingleClassExecution2" name="home" time="0.004"/>
  <testcase classname="testngdiscussion.SingleClassExecution2" name="login" time="0.002"/>
  <testcase classname="testngdiscussion.SingleClassExecution2" name="logout" time="0.006"/>
  <testcase classname="testngdiscussion.SingleClassExecution2" name="profile" time="0.005"/>
</testsuite> <!-- Default test -->
