<?xml version="1.0" encoding="UTF-8"?>
<!-- Generated by org.testng.reporters.JUnitXMLReporter -->
<testsuite ignored="0" hostname="DESKTOP-V5MLE2I" failures="0" tests="5" name="Morning Test tag" time="0.104" errors="0" timestamp="2022-04-27T08:03:09 IST">
  <testcase classname="testngdiscussion.TestClass2" name="home" time="0.011"/>
  <testcase classname="testngdiscussion.TestClass2" name="logout" time="0.002"/>
  <testcase classname="testngdiscussion.TestClass2" name="profile" time="0.004"/>
  <testcase classname="testngdiscussion.TestClass1" name="dashBoard" time="0.003"/>
  <testcase classname="testngdiscussion.TestClass1" name="login" time="0.002"/>
</testsuite> <!-- Morning Test tag -->
