<?xml version="1.0" encoding="UTF-8"?>
<!-- Generated by org.testng.reporters.JUnitXMLReporter -->
<testsuite ignored="0" hostname="DESKTOP-V5MLE2I" failures="1" tests="2" name="Listener test " time="21.891" errors="0" timestamp="2022-04-30T07:45:15 IST">
  <testcase classname="testngdiscussion.KiteLogin" name="navToApp" time="17.375"/>
  <testcase classname="testngdiscussion.KiteLogin" name="loginToApp" time="3.153">
    <failure type="java.lang.AssertionError" message="expected [false] but found [true]">
      <![CDATA[java.lang.AssertionError: expected [false] but found [true]
at testngdiscussion.KiteLogin.loginToApp(KiteLogin.java:52)
at java.base/java.util.ArrayList.forEach(ArrayList.java:1511)
... Removed 33 stack frames]]>
    </failure>
  </testcase> <!-- loginToApp -->
</testsuite> <!-- Listener test  -->
