<?xml version="1.0" encoding="UTF-8"?>
<!-- Generated by org.testng.reporters.JUnitXMLReporter -->
<testsuite ignored="0" hostname="DESKTOP-V5MLE2I" failures="2" tests="5" name="Listener test " time="0.209" errors="0" timestamp="2022-04-29T08:51:25 IST">
  <testcase classname="testngdiscussion.TestNGTestClassForListeners" name="login" time="0.016">
    <failure type="java.lang.AssertionError" message="expected [true] but found [false]">
      <![CDATA[java.lang.AssertionError: expected [true] but found [false]
at testngdiscussion.TestNGTestClassForListeners.login(TestNGTestClassForListeners.java:14)
at java.base/java.util.ArrayList.forEach(ArrayList.java:1511)
... Removed 31 stack frames]]>
    </failure>
  </testcase> <!-- login -->
  <testcase classname="testngdiscussion.TestNGTestClassForListeners" name="dashBoard" time="0.007"/>
  <testcase classname="testngdiscussion.TestNGTestClassForListeners" name="logout" time="0.012">
    <failure type="java.lang.AssertionError" message="expected [true] but found [false]">
      <![CDATA[java.lang.AssertionError: expected [true] but found [false]
at testngdiscussion.TestNGTestClassForListeners.logout(TestNGTestClassForListeners.java:40)
at java.base/java.util.ArrayList.forEach(ArrayList.java:1511)
... Removed 33 stack frames]]>
    </failure>
  </testcase> <!-- logout -->
  <testcase classname="testngdiscussion.TestNGTestClassForListeners" name="profile" time="0.008"/>
  <testcase classname="testngdiscussion.TestNGTestClassForListeners" name="home" time="0.0">
    <skipped/>
  </testcase> <!-- home -->
</testsuite> <!-- Listener test  -->
