<?xml version="1.0" encoding="UTF-8"?>
<!-- Generated by org.testng.reporters.JUnitXMLReporter -->
<testsuite ignored="0" hostname="DESKTOP-V5MLE2I" failures="0" tests="4" name="Test" time="0.134" errors="0" timestamp="2022-05-03T17:09:28 IST">
  <testcase classname="testngdiscussion.ParallelTestClass1" name="dashBoard" time="0.019"/>
  <testcase classname="testngdiscussion.ParallelTestClass2" name="logout" time="0.019"/>
  <testcase classname="testngdiscussion.ParallelTestClass2" name="profile" time="0.004"/>
  <testcase classname="testngdiscussion.ParallelTestClass1" name="login" time="0.011"/>
</testsuite> <!-- Test -->
