<?xml version="1.0" encoding="UTF-8"?>
<!-- Generated by org.testng.reporters.JUnitXMLReporter -->
<testsuite ignored="3" hostname="DESKTOP-V5MLE2I" failures="0" tests="1" name="Default test(failed)(failed)" time="0.095" errors="0" timestamp="2022-05-03T18:17:23 IST">
  <testcase classname="testngdiscussion.FailedTestCaseExecution" name="dashBoard" time="0.015"/>
  <testcase classname="testngdiscussion.FailedTestCaseExecution" name="login" time="0.0">
    <ignored/>
  </testcase> <!-- login -->
  <testcase classname="testngdiscussion.FailedTestCaseExecution" name="profile" time="0.0">
    <ignored/>
  </testcase> <!-- profile -->
  <testcase classname="testngdiscussion.FailedTestCaseExecution" name="logout" time="0.0">
    <ignored/>
  </testcase> <!-- logout -->
</testsuite> <!-- Default test(failed)(failed) -->
