<?xml version="1.0" encoding="UTF-8"?>
<!-- Generated by org.testng.reporters.JUnitXMLReporter -->
<testsuite ignored="3" hostname="DESKTOP-V5MLE2I" failures="0" tests="1" name="Default test(failed)(failed)(failed)" time="0.102" errors="0" timestamp="2022-05-03T18:10:12 IST">
  <testcase classname="testngdiscussion.FailedTestCaseExecution" name="login" time="0.02"/>
  <testcase classname="testngdiscussion.FailedTestCaseExecution" name="profile" time="0.0">
    <ignored/>
  </testcase> <!-- profile -->
  <testcase classname="testngdiscussion.FailedTestCaseExecution" name="logout" time="0.0">
    <ignored/>
  </testcase> <!-- logout -->
  <testcase classname="testngdiscussion.FailedTestCaseExecution" name="dashBoard" time="0.0">
    <ignored/>
  </testcase> <!-- dashBoard -->
</testsuite> <!-- Default test(failed)(failed)(failed) -->
