<?xml version="1.0" encoding="UTF-8"?>
<testng-results ignored="0" total="2" passed="2" failed="0" skipped="0">
  <reporter-output>
  </reporter-output>
  <suite started-at="2022-05-04T10:02:39 IST" name="Kite zerodha" finished-at="2022-05-04T10:02:49 IST" duration-ms="10389">
    <groups>
    </groups>
    <test started-at="2022-05-04T10:02:39 IST" name="BuySellShare" finished-at="2022-05-04T10:02:49 IST" duration-ms="10389">
      <class name="testclasses.LoginPageTest">
        <test-method is-config="true" signature="initBrowser()[pri:0, instance:testclasses.LoginPageTest@368247b9]" started-at="2022-05-04T10:02:19 IST" name="initBrowser" finished-at="2022-05-04T10:02:39 IST" duration-ms="20254" status="PASS">
          <reporter-output>
          </reporter-output>
        </test-method> <!-- initBrowser -->
        <test-method is-config="true" signature="objectCreation()[pri:0, instance:testclasses.LoginPageTest@368247b9]" started-at="2022-05-04T10:02:39 IST" name="objectCreation" finished-at="2022-05-04T10:02:39 IST" duration-ms="125" status="PASS">
          <reporter-output>
          </reporter-output>
        </test-method> <!-- objectCreation -->
        <test-method signature="verifyLogin()[pri:1, instance:testclasses.LoginPageTest@368247b9]" started-at="2022-05-04T10:02:39 IST" name="verifyLogin" finished-at="2022-05-04T10:02:43 IST" duration-ms="3365" status="PASS">
          <reporter-output>
          </reporter-output>
        </test-method> <!-- verifyLogin -->
        <test-method signature="titleValidation()[pri:2, instance:testclasses.LoginPageTest@368247b9]" started-at="2022-05-04T10:02:43 IST" name="titleValidation" finished-at="2022-05-04T10:02:49 IST" duration-ms="6775" status="PASS">
          <reporter-output>
          </reporter-output>
        </test-method> <!-- titleValidation -->
        <test-method is-config="true" signature="tearDown()[pri:0, instance:testclasses.LoginPageTest@368247b9]" started-at="2022-05-04T10:02:50 IST" name="tearDown" finished-at="2022-05-04T10:02:51 IST" duration-ms="1293" status="PASS">
          <reporter-output>
          </reporter-output>
        </test-method> <!-- tearDown -->
      </class> <!-- testclasses.LoginPageTest -->
    </test> <!-- BuySellShare -->
  </suite> <!-- Kite zerodha -->
</testng-results>
