<?xml version="1.0" encoding="UTF-8"?>
<testng-results ignored="0" total="20" passed="20" failed="0" skipped="0">
  <reporter-output>
  </reporter-output>
  <suite started-at="2022-05-18T07:36:23 IST" name="Default suite" finished-at="2022-05-18T07:36:27 IST" duration-ms="3647">
    <groups>
    </groups>
    <test started-at="2022-05-18T07:36:23 IST" name="Default test" finished-at="2022-05-18T07:36:27 IST" duration-ms="3647">
      <class name="testngdiscussion.DPTest">
        <test-method signature="testCase(java.lang.String,java.lang.String)[pri:0, instance:testngdiscussion.DPTest@23c30a20]" started-at="2022-05-18T07:36:27 IST" name="testCase" data-provider="testdata" finished-at="2022-05-18T07:36:27 IST" duration-ms="11" status="PASS">
          <params>
            <param index="0">
              <value>
                <![CDATA[Username1]]>
              </value>
            </param>
            <param index="1">
              <value>
                <![CDATA[password1]]>
              </value>
            </param>
          </params>
          <reporter-output>
          </reporter-output>
        </test-method> <!-- testCase -->
        <test-method signature="testCase(java.lang.String,java.lang.String)[pri:0, instance:testngdiscussion.DPTest@23c30a20]" started-at="2022-05-18T07:36:27 IST" name="testCase" data-provider="testdata" finished-at="2022-05-18T07:36:27 IST" duration-ms="2" status="PASS">
          <params>
            <param index="0">
              <value>
                <![CDATA[Username2]]>
              </value>
            </param>
            <param index="1">
              <value>
                <![CDATA[password2]]>
              </value>
            </param>
          </params>
          <reporter-output>
          </reporter-output>
        </test-method> <!-- testCase -->
        <test-method signature="testCase(java.lang.String,java.lang.String)[pri:0, instance:testngdiscussion.DPTest@23c30a20]" started-at="2022-05-18T07:36:27 IST" name="testCase" data-provider="testdata" finished-at="2022-05-18T07:36:27 IST" duration-ms="3" status="PASS">
          <params>
            <param index="0">
              <value>
                <![CDATA[Username3]]>
              </value>
            </param>
            <param index="1">
              <value>
                <![CDATA[password3]]>
              </value>
            </param>
          </params>
          <reporter-output>
          </reporter-output>
        </test-method> <!-- testCase -->
        <test-method signature="testCase(java.lang.String,java.lang.String)[pri:0, instance:testngdiscussion.DPTest@23c30a20]" started-at="2022-05-18T07:36:27 IST" name="testCase" data-provider="testdata" finished-at="2022-05-18T07:36:27 IST" duration-ms="1" status="PASS">
          <params>
            <param index="0">
              <value>
                <![CDATA[Username4]]>
              </value>
            </param>
            <param index="1">
              <value>
                <![CDATA[password4]]>
              </value>
            </param>
          </params>
          <reporter-output>
          </reporter-output>
        </test-method> <!-- testCase -->
        <test-method signature="testCase(java.lang.String,java.lang.String)[pri:0, instance:testngdiscussion.DPTest@23c30a20]" started-at="2022-05-18T07:36:27 IST" name="testCase" data-provider="testdata" finished-at="2022-05-18T07:36:27 IST" duration-ms="2" status="PASS">
          <params>
            <param index="0">
              <value>
                <![CDATA[Username5]]>
              </value>
            </param>
            <param index="1">
              <value>
                <![CDATA[password5]]>
              </value>
            </param>
          </params>
          <reporter-output>
          </reporter-output>
        </test-method> <!-- testCase -->
        <test-method signature="testCase(java.lang.String,java.lang.String)[pri:0, instance:testngdiscussion.DPTest@23c30a20]" started-at="2022-05-18T07:36:27 IST" name="testCase" data-provider="testdata" finished-at="2022-05-18T07:36:27 IST" duration-ms="1" status="PASS">
          <params>
            <param index="0">
              <value>
                <![CDATA[Username6]]>
              </value>
            </param>
            <param index="1">
              <value>
                <![CDATA[password6]]>
              </value>
            </param>
          </params>
          <reporter-output>
          </reporter-output>
        </test-method> <!-- testCase -->
        <test-method signature="testCase(java.lang.String,java.lang.String)[pri:0, instance:testngdiscussion.DPTest@23c30a20]" started-at="2022-05-18T07:36:27 IST" name="testCase" data-provider="testdata" finished-at="2022-05-18T07:36:27 IST" duration-ms="1" status="PASS">
          <params>
            <param index="0">
              <value>
                <![CDATA[Username7]]>
              </value>
            </param>
            <param index="1">
              <value>
                <![CDATA[password7]]>
              </value>
            </param>
          </params>
          <reporter-output>
          </reporter-output>
        </test-method> <!-- testCase -->
        <test-method signature="testCase(java.lang.String,java.lang.String)[pri:0, instance:testngdiscussion.DPTest@23c30a20]" started-at="2022-05-18T07:36:27 IST" name="testCase" data-provider="testdata" finished-at="2022-05-18T07:36:27 IST" duration-ms="2" status="PASS">
          <params>
            <param index="0">
              <value>
                <![CDATA[Username8]]>
              </value>
            </param>
            <param index="1">
              <value>
                <![CDATA[password8]]>
              </value>
            </param>
          </params>
          <reporter-output>
          </reporter-output>
        </test-method> <!-- testCase -->
        <test-method signature="testCase(java.lang.String,java.lang.String)[pri:0, instance:testngdiscussion.DPTest@23c30a20]" started-at="2022-05-18T07:36:27 IST" name="testCase" data-provider="testdata" finished-at="2022-05-18T07:36:27 IST" duration-ms="1" status="PASS">
          <params>
            <param index="0">
              <value>
                <![CDATA[Username9]]>
              </value>
            </param>
            <param index="1">
              <value>
                <![CDATA[password9]]>
              </value>
            </param>
          </params>
          <reporter-output>
          </reporter-output>
        </test-method> <!-- testCase -->
        <test-method signature="testCase(java.lang.String,java.lang.String)[pri:0, instance:testngdiscussion.DPTest@23c30a20]" started-at="2022-05-18T07:36:27 IST" name="testCase" data-provider="testdata" finished-at="2022-05-18T07:36:27 IST" duration-ms="2" status="PASS">
          <params>
            <param index="0">
              <value>
                <![CDATA[Username10]]>
              </value>
            </param>
            <param index="1">
              <value>
                <![CDATA[password10]]>
              </value>
            </param>
          </params>
          <reporter-output>
          </reporter-output>
        </test-method> <!-- testCase -->
        <test-method signature="testCase(java.lang.String,java.lang.String)[pri:0, instance:testngdiscussion.DPTest@23c30a20]" started-at="2022-05-18T07:36:27 IST" name="testCase" data-provider="testdata" finished-at="2022-05-18T07:36:27 IST" duration-ms="20" status="PASS">
          <params>
            <param index="0">
              <value>
                <![CDATA[Username11]]>
              </value>
            </param>
            <param index="1">
              <value>
                <![CDATA[password11]]>
              </value>
            </param>
          </params>
          <reporter-output>
          </reporter-output>
        </test-method> <!-- testCase -->
        <test-method signature="testCase(java.lang.String,java.lang.String)[pri:0, instance:testngdiscussion.DPTest@23c30a20]" started-at="2022-05-18T07:36:27 IST" name="testCase" data-provider="testdata" finished-at="2022-05-18T07:36:27 IST" duration-ms="5" status="PASS">
          <params>
            <param index="0">
              <value>
                <![CDATA[Username12]]>
              </value>
            </param>
            <param index="1">
              <value>
                <![CDATA[password12]]>
              </value>
            </param>
          </params>
          <reporter-output>
          </reporter-output>
        </test-method> <!-- testCase -->
        <test-method signature="testCase(java.lang.String,java.lang.String)[pri:0, instance:testngdiscussion.DPTest@23c30a20]" started-at="2022-05-18T07:36:27 IST" name="testCase" data-provider="testdata" finished-at="2022-05-18T07:36:27 IST" duration-ms="2" status="PASS">
          <params>
            <param index="0">
              <value>
                <![CDATA[Username13]]>
              </value>
            </param>
            <param index="1">
              <value>
                <![CDATA[password13]]>
              </value>
            </param>
          </params>
          <reporter-output>
          </reporter-output>
        </test-method> <!-- testCase -->
        <test-method signature="testCase(java.lang.String,java.lang.String)[pri:0, instance:testngdiscussion.DPTest@23c30a20]" started-at="2022-05-18T07:36:27 IST" name="testCase" data-provider="testdata" finished-at="2022-05-18T07:36:27 IST" duration-ms="3" status="PASS">
          <params>
            <param index="0">
              <value>
                <![CDATA[Username14]]>
              </value>
            </param>
            <param index="1">
              <value>
                <![CDATA[password14]]>
              </value>
            </param>
          </params>
          <reporter-output>
          </reporter-output>
        </test-method> <!-- testCase -->
        <test-method signature="testCase(java.lang.String,java.lang.String)[pri:0, instance:testngdiscussion.DPTest@23c30a20]" started-at="2022-05-18T07:36:27 IST" name="testCase" data-provider="testdata" finished-at="2022-05-18T07:36:27 IST" duration-ms="3" status="PASS">
          <params>
            <param index="0">
              <value>
                <![CDATA[Username15]]>
              </value>
            </param>
            <param index="1">
              <value>
                <![CDATA[password15]]>
              </value>
            </param>
          </params>
          <reporter-output>
          </reporter-output>
        </test-method> <!-- testCase -->
        <test-method signature="testCase(java.lang.String,java.lang.String)[pri:0, instance:testngdiscussion.DPTest@23c30a20]" started-at="2022-05-18T07:36:27 IST" name="testCase" data-provider="testdata" finished-at="2022-05-18T07:36:27 IST" duration-ms="10" status="PASS">
          <params>
            <param index="0">
              <value>
                <![CDATA[Username16]]>
              </value>
            </param>
            <param index="1">
              <value>
                <![CDATA[password16]]>
              </value>
            </param>
          </params>
          <reporter-output>
          </reporter-output>
        </test-method> <!-- testCase -->
        <test-method signature="testCase(java.lang.String,java.lang.String)[pri:0, instance:testngdiscussion.DPTest@23c30a20]" started-at="2022-05-18T07:36:27 IST" name="testCase" data-provider="testdata" finished-at="2022-05-18T07:36:27 IST" duration-ms="9" status="PASS">
          <params>
            <param index="0">
              <value>
                <![CDATA[Username17]]>
              </value>
            </param>
            <param index="1">
              <value>
                <![CDATA[password17]]>
              </value>
            </param>
          </params>
          <reporter-output>
          </reporter-output>
        </test-method> <!-- testCase -->
        <test-method signature="testCase(java.lang.String,java.lang.String)[pri:0, instance:testngdiscussion.DPTest@23c30a20]" started-at="2022-05-18T07:36:27 IST" name="testCase" data-provider="testdata" finished-at="2022-05-18T07:36:27 IST" duration-ms="2" status="PASS">
          <params>
            <param index="0">
              <value>
                <![CDATA[Username18]]>
              </value>
            </param>
            <param index="1">
              <value>
                <![CDATA[password18]]>
              </value>
            </param>
          </params>
          <reporter-output>
          </reporter-output>
        </test-method> <!-- testCase -->
        <test-method signature="testCase(java.lang.String,java.lang.String)[pri:0, instance:testngdiscussion.DPTest@23c30a20]" started-at="2022-05-18T07:36:27 IST" name="testCase" data-provider="testdata" finished-at="2022-05-18T07:36:27 IST" duration-ms="2" status="PASS">
          <params>
            <param index="0">
              <value>
                <![CDATA[Username19]]>
              </value>
            </param>
            <param index="1">
              <value>
                <![CDATA[password19]]>
              </value>
            </param>
          </params>
          <reporter-output>
          </reporter-output>
        </test-method> <!-- testCase -->
        <test-method signature="testCase(java.lang.String,java.lang.String)[pri:0, instance:testngdiscussion.DPTest@23c30a20]" started-at="2022-05-18T07:36:27 IST" name="testCase" data-provider="testdata" finished-at="2022-05-18T07:36:27 IST" duration-ms="1" status="PASS">
          <params>
            <param index="0">
              <value>
                <![CDATA[Username20]]>
              </value>
            </param>
            <param index="1">
              <value>
                <![CDATA[password20]]>
              </value>
            </param>
          </params>
          <reporter-output>
          </reporter-output>
        </test-method> <!-- testCase -->
      </class> <!-- testngdiscussion.DPTest -->
    </test> <!-- Default test -->
  </suite> <!-- Default suite -->
</testng-results>
